<?xml version="1.0" encoding="UTF-8"?>
<testng-results skipped="0" failed="0" ignored="0" total="1" passed="1">
  <reporter-output>
  </reporter-output>
  <suite name="Default suite" duration-ms="9249" started-at="2018-01-14T23:55:44Z" finished-at="2018-01-14T23:55:53Z">
    <groups>
    </groups>
    <test name="Default test" duration-ms="9249" started-at="2018-01-14T23:55:44Z" finished-at="2018-01-14T23:55:53Z">
      <class name="tests.LoginFactoryTest">
        <test-method status="PASS" signature="loginTestPageFactory()[pri:0, instance:tests.LoginFactoryTest@5faeada1]" name="loginTestPageFactory" duration-ms="9213" started-at="2018-01-14T17:55:44Z" finished-at="2018-01-14T17:55:53Z">
          <reporter-output>
          </reporter-output>
        </test-method> <!-- loginTestPageFactory -->
      </class> <!-- tests.LoginFactoryTest -->
    </test> <!-- Default test -->
  </suite> <!-- Default suite -->
</testng-results>
